# JRE version: Java(TM) SE Runtime Environment (8.0_211-b12) (build 1.8.0_211-b12)
# Java VM: Java HotSpot(TM) 64-Bit Server VM (25.211-b12 mixed mode windows-amd64 compressed oops)
Heap:
 PSYoungGen      total 158720K, used 77282K [0x000000076ae00000, 0x0000000778100000, 0x00000007c0000000)
  eden space 134656K, 39% used [0x000000076ae00000,0x000000076e1fcd78,0x0000000773180000)
  from space 24064K, 99% used [0x0000000773180000,0x00000007748fbe00,0x0000000774900000)
  to   space 27648K, 0% used [0x0000000776600000,0x0000000776600000,0x0000000778100000)
 ParOldGen       total 225280K, used 46322K [0x00000006c0a00000, 0x00000006ce600000, 0x000000076ae00000)
  object space 225280K, 20% used [0x00000006c0a00000,0x00000006c373ca58,0x00000006ce600000)
 Metaspace       used 56992K, capacity 58285K, committed 58408K, reserved 1099776K
  class space    used 6822K, capacity 7169K, committed 7216K, reserved 1048576K
GC Heap History (10 events):
Event: 2.419 GC heap before
{Heap before GC invocations=5 (full 1):
 PSYoungGen      total 76288K, used 76273K [0x000000076ae00000, 0x0000000771d80000, 0x00000007c0000000)
  eden space 65536K, 100% used [0x000000076ae00000,0x000000076ee00000,0x000000076ee00000)
  from space 10752K, 99% used [0x000000076ee00000,0x000000076f87c440,0x000000076f880000)
  to   space 10752K, 0% used [0x0000000771300000,0x0000000771300000,0x0000000771d80000)
 ParOldGen       total 123392K, used 18172K [0x00000006c0a00000, 0x00000006c8280000, 0x000000076ae00000)
  object space 123392K, 14% used [0x00000006c0a00000,0x00000006c1bbf048,0x00000006c8280000)
 Metaspace       used 27526K, capacity 28215K, committed 28336K, reserved 1073152K
  class space    used 3788K, capacity 3971K, committed 4016K, reserved 1048576K
Event: 2.437 GC heap after
Heap after GC invocations=5 (full 1):
 PSYoungGen      total 103424K, used 10730K [0x000000076ae00000, 0x0000000772300000, 0x00000007c0000000)
  eden space 92672K, 0% used [0x000000076ae00000,0x000000076ae00000,0x0000000770880000)
  from space 10752K, 99% used [0x0000000771300000,0x0000000771d7aa00,0x0000000771d80000)
  to   space 10752K, 0% used [0x0000000770880000,0x0000000770880000,0x0000000771300000)
 ParOldGen       total 123392K, used 28443K [0x00000006c0a00000, 0x00000006c8280000, 0x000000076ae00000)
  object space 123392K, 23% used [0x00000006c0a00000,0x00000006c25c6cb0,0x00000006c8280000)
 Metaspace       used 27526K, capacity 28215K, committed 28336K, reserved 1073152K
  class space    used 3788K, capacity 3971K, committed 4016K, reserved 1048576K
}
Event: 2.998 GC heap before
{Heap before GC invocations=6 (full 1):
 PSYoungGen      total 103424K, used 55886K [0x000000076ae00000, 0x0000000772300000, 0x00000007c0000000)
  eden space 92672K, 48% used [0x000000076ae00000,0x000000076da18fc8,0x0000000770880000)
  from space 10752K, 99% used [0x0000000771300000,0x0000000771d7aa00,0x0000000771d80000)
  to   space 10752K, 0% used [0x0000000770880000,0x0000000770880000,0x0000000771300000)
 ParOldGen       total 123392K, used 28443K [0x00000006c0a00000, 0x00000006c8280000, 0x000000076ae00000)
  object space 123392K, 23% used [0x00000006c0a00000,0x00000006c25c6cb0,0x00000006c8280000)
 Metaspace       used 34591K, capacity 35237K, committed 35496K, reserved 1079296K
  class space    used 4477K, capacity 4681K, committed 4784K, reserved 1048576K
Event: 3.013 GC heap after
Heap after GC invocations=6 (full 1):
 PSYoungGen      total 103424K, used 10750K [0x000000076ae00000, 0x0000000776600000, 0x00000007c0000000)
  eden space 92672K, 0% used [0x000000076ae00000,0x000000076ae00000,0x0000000770880000)
  from space 10752K, 99% used [0x0000000770880000,0x00000007712ffa10,0x0000000771300000)
  to   space 24576K, 0% used [0x0000000774e00000,0x0000000774e00000,0x0000000776600000)
 ParOldGen       total 123392K, used 40719K [0x00000006c0a00000, 0x00000006c8280000, 0x000000076ae00000)
  object space 123392K, 32% used [0x00000006c0a00000,0x00000006c31c3cc0,0x00000006c8280000)
 Metaspace       used 34591K, capacity 35237K, committed 35496K, reserved 1079296K
  class space    used 4477K, capacity 4681K, committed 4784K, reserved 1048576K
}
Event: 3.013 GC heap before
{Heap before GC invocations=7 (full 2):
 PSYoungGen      total 103424K, used 10750K [0x000000076ae00000, 0x0000000776600000, 0x00000007c0000000)
  eden space 92672K, 0% used [0x000000076ae00000,0x000000076ae00000,0x0000000770880000)
  from space 10752K, 99% used [0x0000000770880000,0x00000007712ffa10,0x0000000771300000)
  to   space 24576K, 0% used [0x0000000774e00000,0x0000000774e00000,0x0000000776600000)
 ParOldGen       total 123392K, used 40719K [0x00000006c0a00000, 0x00000006c8280000, 0x000000076ae00000)
  object space 123392K, 32% used [0x00000006c0a00000,0x00000006c31c3cc0,0x00000006c8280000)
 Metaspace       used 34591K, capacity 35237K, committed 35496K, reserved 1079296K
  class space    used 4477K, capacity 4681K, committed 4784K, reserved 1048576K
Event: 3.105 GC heap after
Heap after GC invocations=7 (full 2):
 PSYoungGen      total 103424K, used 0K [0x000000076ae00000, 0x0000000776600000, 0x00000007c0000000)
  eden space 92672K, 0% used [0x000000076ae00000,0x000000076ae00000,0x0000000770880000)
  from space 10752K, 0% used [0x0000000770880000,0x0000000770880000,0x0000000771300000)
  to   space 24576K, 0% used [0x0000000774e00000,0x0000000774e00000,0x0000000776600000)
 ParOldGen       total 225280K, used 43711K [0x00000006c0a00000, 0x00000006ce600000, 0x000000076ae00000)
  object space 225280K, 19% used [0x00000006c0a00000,0x00000006c34afe90,0x00000006ce600000)
 Metaspace       used 34591K, capacity 35237K, committed 35496K, reserved 1079296K
  class space    used 4477K, capacity 4681K, committed 4784K, reserved 1048576K
}
Event: 4.383 GC heap before
{Heap before GC invocations=8 (full 2):
 PSYoungGen      total 103424K, used 92672K [0x000000076ae00000, 0x0000000776600000, 0x00000007c0000000)
  eden space 92672K, 100% used [0x000000076ae00000,0x0000000770880000,0x0000000770880000)
  from space 10752K, 0% used [0x0000000770880000,0x0000000770880000,0x0000000771300000)
  to   space 24576K, 0% used [0x0000000774e00000,0x0000000774e00000,0x0000000776600000)
 ParOldGen       total 225280K, used 43711K [0x00000006c0a00000, 0x00000006ce600000, 0x000000076ae00000)
  object space 225280K, 19% used [0x00000006c0a00000,0x00000006c34afe90,0x00000006ce600000)
 Metaspace       used 47007K, capacity 48027K, committed 48296K, reserved 1091584K
  class space    used 5963K, capacity 6250K, committed 6320K, reserved 1048576K
Event: 4.395 GC heap after
Heap after GC invocations=8 (full 2):
 PSYoungGen      total 142848K, used 18650K [0x000000076ae00000, 0x0000000776080000, 0x00000007c0000000)
  eden space 123904K, 0% used [0x000000076ae00000,0x000000076ae00000,0x0000000772700000)
  from space 18944K, 98% used [0x0000000774e00000,0x0000000776036850,0x0000000776080000)
  to   space 24064K, 0% used [0x0000000773180000,0x0000000773180000,0x0000000774900000)
 ParOldGen       total 225280K, used 43719K [0x00000006c0a00000, 0x00000006ce600000, 0x000000076ae00000)
  object space 225280K, 19% used [0x00000006c0a00000,0x00000006c34b1e90,0x00000006ce600000)
 Metaspace       used 47007K, capacity 48027K, committed 48296K, reserved 1091584K
  class space    used 5963K, capacity 6250K, committed 6320K, reserved 1048576K
}
Event: 7.348 GC heap before
{Heap before GC invocations=9 (full 2):
 PSYoungGen      total 142848K, used 142554K [0x000000076ae00000, 0x0000000776080000, 0x00000007c0000000)
  eden space 123904K, 100% used [0x000000076ae00000,0x0000000772700000,0x0000000772700000)
  from space 18944K, 98% used [0x0000000774e00000,0x0000000776036850,0x0000000776080000)
  to   space 24064K, 0% used [0x0000000773180000,0x0000000773180000,0x0000000774900000)
 ParOldGen       total 225280K, used 43719K [0x00000006c0a00000, 0x00000006ce600000, 0x000000076ae00000)
  object space 225280K, 19% used [0x00000006c0a00000,0x00000006c34b1e90,0x00000006ce600000)
 Metaspace       used 54128K, capacity 55289K, committed 55464K, reserved 1097728K
  class space    used 6495K, capacity 6805K, committed 6832K, reserved 1048576K
Event: 7.369 GC heap after
Heap after GC invocations=9 (full 2):
 PSYoungGen      total 158720K, used 24047K [0x000000076ae00000, 0x0000000778100000, 0x00000007c0000000)
  eden space 134656K, 0% used [0x000000076ae00000,0x000000076ae00000,0x0000000773180000)
  from space 24064K, 99% used [0x0000000773180000,0x00000007748fbe00,0x0000000774900000)
  to   space 27648K, 0% used [0x0000000776600000,0x0000000776600000,0x0000000778100000)
 ParOldGen       total 225280K, used 46322K [0x00000006c0a00000, 0x00000006ce600000, 0x000000076ae00000)
  object space 225280K, 20% used [0x00000006c0a00000,0x00000006c373ca58,0x00000006ce600000)
 Metaspace       used 54128K, capacity 55289K, committed 55464K, reserved 1097728K
  class space    used 6495K, capacity 6805K, committed 6832K, reserved 1048576K
}

